<?xml version="1.0" encoding="UTF-8"?>

<configuration>
  <include resource="org/springframework/boot/logging/logback/defaults.xml"/>
  <property name="LOG_FILE" value="${LOG_FILE:-${LOG_PATH:-${LOG_TEMP:-${java.io.tmpdir:-/tmp}}}/spring.log}"/>
  <include resource="org/springframework/boot/logging/logback/console-appender.xml"/>

  <appender name="CUSTOM_APPENDER" class="ch.qos.logback.core.rolling.RollingFileAppender">
    <rollingPolicy class="ch.qos.logback.core.rolling.SizeAndTimeBasedRollingPolicy">
      <fileNamePattern>mylog.%d{yyyyMMdd}.%i.txt</fileNamePattern><!-- rollover daily -->
      <maxFileSize>10KB</maxFileSize>
      <maxHistory>20</maxHistory>
      <totalSizeCap>100KB</totalSizeCap>
      <cleanHistoryOnStart>true</cleanHistoryOnStart>
    </rollingPolicy>
    <encoder>
      <pattern>%msg%n</pattern>
    </encoder>
  </appender>

  <root level="INFO">
    <appender-ref ref="CONSOLE" />
    <appender-ref ref="CUSTOM_APPENDER" />
  </root>

</configuration>